Aug-22 00:17:46.777 [main] DEBUG nextflow.cli.Launcher - $> nextflow run main.nf -profile docker -resume
Aug-22 00:17:46.825 [main] DEBUG nextflow.cli.CmdRun - N E X T F L O W  ~  version 25.04.6
Aug-22 00:17:46.841 [main] DEBUG nextflow.plugin.PluginsFacade - Setting up plugin manager > mode=prod; embedded=false; plugins-dir=/Users/yunhuazhu/.nextflow/plugins; core-plugins: nf-amazon@2.15.0,nf-azure@1.16.0,nf-cloudcache@0.4.3,nf-codecommit@0.2.3,nf-console@1.2.1,nf-google@1.21.1,nf-k8s@1.0.0,nf-tower@1.11.4,nf-wave@1.12.1
Aug-22 00:17:46.858 [main] INFO  o.pf4j.DefaultPluginStatusProvider - Enabled plugins: []
Aug-22 00:17:46.858 [main] INFO  o.pf4j.DefaultPluginStatusProvider - Disabled plugins: []
Aug-22 00:17:46.860 [main] INFO  org.pf4j.DefaultPluginManager - PF4J version 3.12.0 in 'deployment' mode
Aug-22 00:17:46.867 [main] INFO  org.pf4j.AbstractPluginManager - No plugins
Aug-22 00:17:46.908 [main] DEBUG nextflow.cli.CmdRun - Applied DSL=2 by global default
Aug-22 00:17:46.918 [main] DEBUG nextflow.cli.CmdRun - Launching `main.nf` [reverent_agnesi] DSL2 - revision: 0000000000
Aug-22 00:17:46.919 [main] DEBUG nextflow.plugin.PluginsFacade - Plugins default=[]
Aug-22 00:17:46.919 [main] DEBUG nextflow.plugin.PluginsFacade - Plugins resolved requirement=[]
Aug-22 00:17:46.960 [main] DEBUG nextflow.Session - Session UUID: e7a04089-5689-4df5-9ed3-a13e7b5e3d6f
Aug-22 00:17:46.961 [main] DEBUG nextflow.Session - Run name: reverent_agnesi
Aug-22 00:17:46.961 [main] DEBUG nextflow.Session - Executor pool size: 8
Aug-22 00:17:46.968 [main] DEBUG nextflow.file.FilePorter - File porter settings maxRetries=3; maxTransfers=50; pollTimeout=null
Aug-22 00:17:46.972 [main] DEBUG nextflow.util.ThreadPoolBuilder - Creating thread pool 'FileTransfer' minSize=10; maxSize=24; workQueue=LinkedBlockingQueue[-1]; allowCoreThreadTimeout=false
Aug-22 00:17:47.005 [main] DEBUG nextflow.cli.CmdRun - 
  Version: 25.04.6 build 5954
  Created: 01-07-2025 11:27 UTC (07:27 EDT)
  System: Mac OS X 14.6.1
  Runtime: Groovy 4.0.26 on OpenJDK 64-Bit Server VM 17.0.16+0
  Encoding: UTF-8 (UTF-8)
  Process: 13854@yunhuas-Air-2 [192.168.50.107]
  CPUs: 8 - Mem: 8 GB (84.5 MB) - Swap: 1 GB (848.8 MB)
Aug-22 00:17:47.017 [main] DEBUG nextflow.Session - Work-dir: /Users/yunhuazhu/Documents/gitrepos/tiny_repo/work [Mac OS X]
Aug-22 00:17:47.018 [main] DEBUG nextflow.Session - Script base path does not exist or is not a directory: /Users/yunhuazhu/Documents/gitrepos/tiny_repo/bin
Aug-22 00:17:47.028 [main] DEBUG nextflow.executor.ExecutorFactory - Extension executors providers=[]
Aug-22 00:17:47.033 [main] DEBUG nextflow.Session - Observer factory: DefaultObserverFactory
Aug-22 00:17:47.037 [main] DEBUG nextflow.Session - Observer factory (v2): LinObserverFactory
Aug-22 00:17:47.051 [main] DEBUG nextflow.cache.CacheFactory - Using Nextflow cache factory: nextflow.cache.DefaultCacheFactory
Aug-22 00:17:47.057 [main] DEBUG nextflow.util.CustomThreadPool - Creating default thread pool > poolSize: 9; maxThreads: 1000
Aug-22 00:17:47.097 [main] DEBUG nextflow.Session - Session start
Aug-22 00:17:47.267 [main] DEBUG nextflow.script.ScriptRunner - > Launching execution
Aug-22 00:17:47.274 [main] DEBUG n.secret.LocalSecretsProvider - Secrets store: /Users/yunhuazhu/.nextflow/secrets/store.json
Aug-22 00:17:47.279 [main] DEBUG nextflow.secret.SecretsLoader - Discovered secrets providers: [nextflow.secret.LocalSecretsProvider@1945113f] - activable => nextflow.secret.LocalSecretsProvider@1945113f
Aug-22 00:17:47.281 [main] DEBUG nextflow.Session - Workflow process names [dsl2]: 
Aug-22 00:17:47.283 [main] DEBUG nextflow.Session - Igniting dataflow network (0)
Aug-22 00:17:47.283 [main] DEBUG nextflow.script.ScriptRunner - Parsed script files:
  Script_310e0edd47db6f72: /Users/yunhuazhu/Documents/gitrepos/tiny_repo/main.nf
Aug-22 00:17:47.283 [main] DEBUG nextflow.script.ScriptRunner - > Awaiting termination 
Aug-22 00:17:47.283 [main] DEBUG nextflow.Session - Session await
Aug-22 00:17:47.283 [main] DEBUG nextflow.Session - Session await > all processes finished
Aug-22 00:17:47.283 [main] DEBUG nextflow.Session - Session await > all barriers passed
Aug-22 00:17:47.288 [main] DEBUG n.trace.WorkflowStatsObserver - Workflow completed > WorkflowStats[succeededCount=0; failedCount=0; ignoredCount=0; cachedCount=0; pendingCount=0; submittedCount=0; runningCount=0; retriesCount=0; abortedCount=0; succeedDuration=0ms; failedDuration=0ms; cachedDuration=0ms;loadCpus=0; loadMemory=0; peakRunning=0; peakCpus=0; peakMemory=0; ]
Aug-22 00:17:47.316 [main] DEBUG nextflow.cache.CacheDB - Closing CacheDB done
Aug-22 00:17:47.325 [main] DEBUG nextflow.util.ThreadPoolManager - Thread pool 'FileTransfer' shutdown completed (hard=false)
Aug-22 00:17:47.325 [main] DEBUG nextflow.script.ScriptRunner - > Execution complete -- Goodbye
